(define H::(-> int int))
(define W::(-> int int))
(define X::(-> int int))
(define Y::(-> int int))
(assert (and 
(and (= (W 0) 4) (= (H 0) 4))
(and (= (W 1) 6) (= (H 1) 6))
(xor (and (= (W 2) 1) (= (H 2) 2))(and (= (W 2) 2) (= (H 2) 1)))
(xor (and (= (W 3) 1) (= (H 3) 3))(and (= (W 3) 3) (= (H 3) 1)))
(xor (and (= (W 4) 1) (= (H 4) 4))(and (= (W 4) 4) (= (H 4) 1)))
(xor (and (= (W 5) 1) (= (H 5) 5))(and (= (W 5) 5) (= (H 5) 1)))
(xor (and (= (W 6) 1) (= (H 6) 6))(and (= (W 6) 6) (= (H 6) 1)))
(xor (and (= (W 7) 1) (= (H 7) 7))(and (= (W 7) 7) (= (H 7) 1)))
(xor (and (= (W 8) 1) (= (H 8) 8))(and (= (W 8) 8) (= (H 8) 1)))
(xor (and (= (W 9) 1) (= (H 9) 9))(and (= (W 9) 9) (= (H 9) 1)))
))
(assert (and 
(>= (X 0) 0) (>= (Y 0) 0) (<= (+ (X 0) (W 0) 0) 10) (<= (+ (Y 0) (H 0) 0) 10) (>= (X 1) 0) (>= (Y 1) 0) (<= (+ (X 1) (W 1) 0) 10) (<= (+ (Y 1) (H 1) 0) 10) (>= (X 2) 0) (>= (Y 2) 0) (<= (+ (X 2) (W 2) 0) 10) (<= (+ (Y 2) (H 2) 0) 10) (>= (X 3) 0) (>= (Y 3) 0) (<= (+ (X 3) (W 3) 0) 10) (<= (+ (Y 3) (H 3) 0) 10) (>= (X 4) 0) (>= (Y 4) 0) (<= (+ (X 4) (W 4) 0) 10) (<= (+ (Y 4) (H 4) 0) 10) (>= (X 5) 0) (>= (Y 5) 0) (<= (+ (X 5) (W 5) 0) 10) (<= (+ (Y 5) (H 5) 0) 10) (>= (X 6) 0) (>= (Y 6) 0) (<= (+ (X 6) (W 6) 0) 10) (<= (+ (Y 6) (H 6) 0) 10) (>= (X 7) 0) (>= (Y 7) 0) (<= (+ (X 7) (W 7) 0) 10) (<= (+ (Y 7) (H 7) 0) 10) (>= (X 8) 0) (>= (Y 8) 0) (<= (+ (X 8) (W 8) 0) 10) (<= (+ (Y 8) (H 8) 0) 10) (>= (X 9) 0) (>= (Y 9) 0) (<= (+ (X 9) (W 9) 0) 10) (<= (+ (Y 9) (H 9) 0) 10) ))
(assert (not (or 
(and 
(or (and (<= (X 0) (X 1)) (< (X 1) (+ (X 0) (W 0)))) (and (< (X 0) (+ (X 1) (W 1))) (<= (+ (X 1) (W 1)) (+ (X 0) (W 0))))(and (<= (X 0) (X 1)) (>= (+ (X 0) (W 0)) (+ (X 1) (W 1)))) )
(or (and (<= (Y 0) (Y 1)) (< (Y 1) (+ (Y 0) (H 0)))) (and (< (Y 0) (+ (Y 1) (H 1))) (<= (+ (Y 1) (H 1)) (+ (Y 0) (H 0))))(and (<= (Y 0) (Y 1)) (>= (+ (Y 0) (H 0)) (+ (Y 1) (H 1)))) )
)
(and 
(or (and (<= (X 0) (X 2)) (< (X 2) (+ (X 0) (W 0)))) (and (< (X 0) (+ (X 2) (W 2))) (<= (+ (X 2) (W 2)) (+ (X 0) (W 0))))(and (<= (X 0) (X 2)) (>= (+ (X 0) (W 0)) (+ (X 2) (W 2)))) )
(or (and (<= (Y 0) (Y 2)) (< (Y 2) (+ (Y 0) (H 0)))) (and (< (Y 0) (+ (Y 2) (H 2))) (<= (+ (Y 2) (H 2)) (+ (Y 0) (H 0))))(and (<= (Y 0) (Y 2)) (>= (+ (Y 0) (H 0)) (+ (Y 2) (H 2)))) )
)
(and 
(or (and (<= (X 0) (X 3)) (< (X 3) (+ (X 0) (W 0)))) (and (< (X 0) (+ (X 3) (W 3))) (<= (+ (X 3) (W 3)) (+ (X 0) (W 0))))(and (<= (X 0) (X 3)) (>= (+ (X 0) (W 0)) (+ (X 3) (W 3)))) )
(or (and (<= (Y 0) (Y 3)) (< (Y 3) (+ (Y 0) (H 0)))) (and (< (Y 0) (+ (Y 3) (H 3))) (<= (+ (Y 3) (H 3)) (+ (Y 0) (H 0))))(and (<= (Y 0) (Y 3)) (>= (+ (Y 0) (H 0)) (+ (Y 3) (H 3)))) )
)
(and 
(or (and (<= (X 0) (X 4)) (< (X 4) (+ (X 0) (W 0)))) (and (< (X 0) (+ (X 4) (W 4))) (<= (+ (X 4) (W 4)) (+ (X 0) (W 0))))(and (<= (X 0) (X 4)) (>= (+ (X 0) (W 0)) (+ (X 4) (W 4)))) )
(or (and (<= (Y 0) (Y 4)) (< (Y 4) (+ (Y 0) (H 0)))) (and (< (Y 0) (+ (Y 4) (H 4))) (<= (+ (Y 4) (H 4)) (+ (Y 0) (H 0))))(and (<= (Y 0) (Y 4)) (>= (+ (Y 0) (H 0)) (+ (Y 4) (H 4)))) )
)
(and 
(or (and (<= (X 0) (X 5)) (< (X 5) (+ (X 0) (W 0)))) (and (< (X 0) (+ (X 5) (W 5))) (<= (+ (X 5) (W 5)) (+ (X 0) (W 0))))(and (<= (X 0) (X 5)) (>= (+ (X 0) (W 0)) (+ (X 5) (W 5)))) )
(or (and (<= (Y 0) (Y 5)) (< (Y 5) (+ (Y 0) (H 0)))) (and (< (Y 0) (+ (Y 5) (H 5))) (<= (+ (Y 5) (H 5)) (+ (Y 0) (H 0))))(and (<= (Y 0) (Y 5)) (>= (+ (Y 0) (H 0)) (+ (Y 5) (H 5)))) )
)
(and 
(or (and (<= (X 0) (X 6)) (< (X 6) (+ (X 0) (W 0)))) (and (< (X 0) (+ (X 6) (W 6))) (<= (+ (X 6) (W 6)) (+ (X 0) (W 0))))(and (<= (X 0) (X 6)) (>= (+ (X 0) (W 0)) (+ (X 6) (W 6)))) )
(or (and (<= (Y 0) (Y 6)) (< (Y 6) (+ (Y 0) (H 0)))) (and (< (Y 0) (+ (Y 6) (H 6))) (<= (+ (Y 6) (H 6)) (+ (Y 0) (H 0))))(and (<= (Y 0) (Y 6)) (>= (+ (Y 0) (H 0)) (+ (Y 6) (H 6)))) )
)
(and 
(or (and (<= (X 0) (X 7)) (< (X 7) (+ (X 0) (W 0)))) (and (< (X 0) (+ (X 7) (W 7))) (<= (+ (X 7) (W 7)) (+ (X 0) (W 0))))(and (<= (X 0) (X 7)) (>= (+ (X 0) (W 0)) (+ (X 7) (W 7)))) )
(or (and (<= (Y 0) (Y 7)) (< (Y 7) (+ (Y 0) (H 0)))) (and (< (Y 0) (+ (Y 7) (H 7))) (<= (+ (Y 7) (H 7)) (+ (Y 0) (H 0))))(and (<= (Y 0) (Y 7)) (>= (+ (Y 0) (H 0)) (+ (Y 7) (H 7)))) )
)
(and 
(or (and (<= (X 0) (X 8)) (< (X 8) (+ (X 0) (W 0)))) (and (< (X 0) (+ (X 8) (W 8))) (<= (+ (X 8) (W 8)) (+ (X 0) (W 0))))(and (<= (X 0) (X 8)) (>= (+ (X 0) (W 0)) (+ (X 8) (W 8)))) )
(or (and (<= (Y 0) (Y 8)) (< (Y 8) (+ (Y 0) (H 0)))) (and (< (Y 0) (+ (Y 8) (H 8))) (<= (+ (Y 8) (H 8)) (+ (Y 0) (H 0))))(and (<= (Y 0) (Y 8)) (>= (+ (Y 0) (H 0)) (+ (Y 8) (H 8)))) )
)
(and 
(or (and (<= (X 0) (X 9)) (< (X 9) (+ (X 0) (W 0)))) (and (< (X 0) (+ (X 9) (W 9))) (<= (+ (X 9) (W 9)) (+ (X 0) (W 0))))(and (<= (X 0) (X 9)) (>= (+ (X 0) (W 0)) (+ (X 9) (W 9)))) )
(or (and (<= (Y 0) (Y 9)) (< (Y 9) (+ (Y 0) (H 0)))) (and (< (Y 0) (+ (Y 9) (H 9))) (<= (+ (Y 9) (H 9)) (+ (Y 0) (H 0))))(and (<= (Y 0) (Y 9)) (>= (+ (Y 0) (H 0)) (+ (Y 9) (H 9)))) )
)
(and 
(or (and (<= (X 1) (X 0)) (< (X 0) (+ (X 1) (W 1)))) (and (< (X 1) (+ (X 0) (W 0))) (<= (+ (X 0) (W 0)) (+ (X 1) (W 1))))(and (<= (X 1) (X 0)) (>= (+ (X 1) (W 1)) (+ (X 0) (W 0)))) )
(or (and (<= (Y 1) (Y 0)) (< (Y 0) (+ (Y 1) (H 1)))) (and (< (Y 1) (+ (Y 0) (H 0))) (<= (+ (Y 0) (H 0)) (+ (Y 1) (H 1))))(and (<= (Y 1) (Y 0)) (>= (+ (Y 1) (H 1)) (+ (Y 0) (H 0)))) )
)
(and 
(or (and (<= (X 1) (X 2)) (< (X 2) (+ (X 1) (W 1)))) (and (< (X 1) (+ (X 2) (W 2))) (<= (+ (X 2) (W 2)) (+ (X 1) (W 1))))(and (<= (X 1) (X 2)) (>= (+ (X 1) (W 1)) (+ (X 2) (W 2)))) )
(or (and (<= (Y 1) (Y 2)) (< (Y 2) (+ (Y 1) (H 1)))) (and (< (Y 1) (+ (Y 2) (H 2))) (<= (+ (Y 2) (H 2)) (+ (Y 1) (H 1))))(and (<= (Y 1) (Y 2)) (>= (+ (Y 1) (H 1)) (+ (Y 2) (H 2)))) )
)
(and 
(or (and (<= (X 1) (X 3)) (< (X 3) (+ (X 1) (W 1)))) (and (< (X 1) (+ (X 3) (W 3))) (<= (+ (X 3) (W 3)) (+ (X 1) (W 1))))(and (<= (X 1) (X 3)) (>= (+ (X 1) (W 1)) (+ (X 3) (W 3)))) )
(or (and (<= (Y 1) (Y 3)) (< (Y 3) (+ (Y 1) (H 1)))) (and (< (Y 1) (+ (Y 3) (H 3))) (<= (+ (Y 3) (H 3)) (+ (Y 1) (H 1))))(and (<= (Y 1) (Y 3)) (>= (+ (Y 1) (H 1)) (+ (Y 3) (H 3)))) )
)
(and 
(or (and (<= (X 1) (X 4)) (< (X 4) (+ (X 1) (W 1)))) (and (< (X 1) (+ (X 4) (W 4))) (<= (+ (X 4) (W 4)) (+ (X 1) (W 1))))(and (<= (X 1) (X 4)) (>= (+ (X 1) (W 1)) (+ (X 4) (W 4)))) )
(or (and (<= (Y 1) (Y 4)) (< (Y 4) (+ (Y 1) (H 1)))) (and (< (Y 1) (+ (Y 4) (H 4))) (<= (+ (Y 4) (H 4)) (+ (Y 1) (H 1))))(and (<= (Y 1) (Y 4)) (>= (+ (Y 1) (H 1)) (+ (Y 4) (H 4)))) )
)
(and 
(or (and (<= (X 1) (X 5)) (< (X 5) (+ (X 1) (W 1)))) (and (< (X 1) (+ (X 5) (W 5))) (<= (+ (X 5) (W 5)) (+ (X 1) (W 1))))(and (<= (X 1) (X 5)) (>= (+ (X 1) (W 1)) (+ (X 5) (W 5)))) )
(or (and (<= (Y 1) (Y 5)) (< (Y 5) (+ (Y 1) (H 1)))) (and (< (Y 1) (+ (Y 5) (H 5))) (<= (+ (Y 5) (H 5)) (+ (Y 1) (H 1))))(and (<= (Y 1) (Y 5)) (>= (+ (Y 1) (H 1)) (+ (Y 5) (H 5)))) )
)
(and 
(or (and (<= (X 1) (X 6)) (< (X 6) (+ (X 1) (W 1)))) (and (< (X 1) (+ (X 6) (W 6))) (<= (+ (X 6) (W 6)) (+ (X 1) (W 1))))(and (<= (X 1) (X 6)) (>= (+ (X 1) (W 1)) (+ (X 6) (W 6)))) )
(or (and (<= (Y 1) (Y 6)) (< (Y 6) (+ (Y 1) (H 1)))) (and (< (Y 1) (+ (Y 6) (H 6))) (<= (+ (Y 6) (H 6)) (+ (Y 1) (H 1))))(and (<= (Y 1) (Y 6)) (>= (+ (Y 1) (H 1)) (+ (Y 6) (H 6)))) )
)
(and 
(or (and (<= (X 1) (X 7)) (< (X 7) (+ (X 1) (W 1)))) (and (< (X 1) (+ (X 7) (W 7))) (<= (+ (X 7) (W 7)) (+ (X 1) (W 1))))(and (<= (X 1) (X 7)) (>= (+ (X 1) (W 1)) (+ (X 7) (W 7)))) )
(or (and (<= (Y 1) (Y 7)) (< (Y 7) (+ (Y 1) (H 1)))) (and (< (Y 1) (+ (Y 7) (H 7))) (<= (+ (Y 7) (H 7)) (+ (Y 1) (H 1))))(and (<= (Y 1) (Y 7)) (>= (+ (Y 1) (H 1)) (+ (Y 7) (H 7)))) )
)
(and 
(or (and (<= (X 1) (X 8)) (< (X 8) (+ (X 1) (W 1)))) (and (< (X 1) (+ (X 8) (W 8))) (<= (+ (X 8) (W 8)) (+ (X 1) (W 1))))(and (<= (X 1) (X 8)) (>= (+ (X 1) (W 1)) (+ (X 8) (W 8)))) )
(or (and (<= (Y 1) (Y 8)) (< (Y 8) (+ (Y 1) (H 1)))) (and (< (Y 1) (+ (Y 8) (H 8))) (<= (+ (Y 8) (H 8)) (+ (Y 1) (H 1))))(and (<= (Y 1) (Y 8)) (>= (+ (Y 1) (H 1)) (+ (Y 8) (H 8)))) )
)
(and 
(or (and (<= (X 1) (X 9)) (< (X 9) (+ (X 1) (W 1)))) (and (< (X 1) (+ (X 9) (W 9))) (<= (+ (X 9) (W 9)) (+ (X 1) (W 1))))(and (<= (X 1) (X 9)) (>= (+ (X 1) (W 1)) (+ (X 9) (W 9)))) )
(or (and (<= (Y 1) (Y 9)) (< (Y 9) (+ (Y 1) (H 1)))) (and (< (Y 1) (+ (Y 9) (H 9))) (<= (+ (Y 9) (H 9)) (+ (Y 1) (H 1))))(and (<= (Y 1) (Y 9)) (>= (+ (Y 1) (H 1)) (+ (Y 9) (H 9)))) )
)
(and 
(or (and (<= (X 2) (X 0)) (< (X 0) (+ (X 2) (W 2)))) (and (< (X 2) (+ (X 0) (W 0))) (<= (+ (X 0) (W 0)) (+ (X 2) (W 2))))(and (<= (X 2) (X 0)) (>= (+ (X 2) (W 2)) (+ (X 0) (W 0)))) )
(or (and (<= (Y 2) (Y 0)) (< (Y 0) (+ (Y 2) (H 2)))) (and (< (Y 2) (+ (Y 0) (H 0))) (<= (+ (Y 0) (H 0)) (+ (Y 2) (H 2))))(and (<= (Y 2) (Y 0)) (>= (+ (Y 2) (H 2)) (+ (Y 0) (H 0)))) )
)
(and 
(or (and (<= (X 2) (X 1)) (< (X 1) (+ (X 2) (W 2)))) (and (< (X 2) (+ (X 1) (W 1))) (<= (+ (X 1) (W 1)) (+ (X 2) (W 2))))(and (<= (X 2) (X 1)) (>= (+ (X 2) (W 2)) (+ (X 1) (W 1)))) )
(or (and (<= (Y 2) (Y 1)) (< (Y 1) (+ (Y 2) (H 2)))) (and (< (Y 2) (+ (Y 1) (H 1))) (<= (+ (Y 1) (H 1)) (+ (Y 2) (H 2))))(and (<= (Y 2) (Y 1)) (>= (+ (Y 2) (H 2)) (+ (Y 1) (H 1)))) )
)
(and 
(or (and (<= (X 2) (X 3)) (< (X 3) (+ (X 2) (W 2)))) (and (< (X 2) (+ (X 3) (W 3))) (<= (+ (X 3) (W 3)) (+ (X 2) (W 2))))(and (<= (X 2) (X 3)) (>= (+ (X 2) (W 2)) (+ (X 3) (W 3)))) )
(or (and (<= (Y 2) (Y 3)) (< (Y 3) (+ (Y 2) (H 2)))) (and (< (Y 2) (+ (Y 3) (H 3))) (<= (+ (Y 3) (H 3)) (+ (Y 2) (H 2))))(and (<= (Y 2) (Y 3)) (>= (+ (Y 2) (H 2)) (+ (Y 3) (H 3)))) )
)
(and 
(or (and (<= (X 2) (X 4)) (< (X 4) (+ (X 2) (W 2)))) (and (< (X 2) (+ (X 4) (W 4))) (<= (+ (X 4) (W 4)) (+ (X 2) (W 2))))(and (<= (X 2) (X 4)) (>= (+ (X 2) (W 2)) (+ (X 4) (W 4)))) )
(or (and (<= (Y 2) (Y 4)) (< (Y 4) (+ (Y 2) (H 2)))) (and (< (Y 2) (+ (Y 4) (H 4))) (<= (+ (Y 4) (H 4)) (+ (Y 2) (H 2))))(and (<= (Y 2) (Y 4)) (>= (+ (Y 2) (H 2)) (+ (Y 4) (H 4)))) )
)
(and 
(or (and (<= (X 2) (X 5)) (< (X 5) (+ (X 2) (W 2)))) (and (< (X 2) (+ (X 5) (W 5))) (<= (+ (X 5) (W 5)) (+ (X 2) (W 2))))(and (<= (X 2) (X 5)) (>= (+ (X 2) (W 2)) (+ (X 5) (W 5)))) )
(or (and (<= (Y 2) (Y 5)) (< (Y 5) (+ (Y 2) (H 2)))) (and (< (Y 2) (+ (Y 5) (H 5))) (<= (+ (Y 5) (H 5)) (+ (Y 2) (H 2))))(and (<= (Y 2) (Y 5)) (>= (+ (Y 2) (H 2)) (+ (Y 5) (H 5)))) )
)
(and 
(or (and (<= (X 2) (X 6)) (< (X 6) (+ (X 2) (W 2)))) (and (< (X 2) (+ (X 6) (W 6))) (<= (+ (X 6) (W 6)) (+ (X 2) (W 2))))(and (<= (X 2) (X 6)) (>= (+ (X 2) (W 2)) (+ (X 6) (W 6)))) )
(or (and (<= (Y 2) (Y 6)) (< (Y 6) (+ (Y 2) (H 2)))) (and (< (Y 2) (+ (Y 6) (H 6))) (<= (+ (Y 6) (H 6)) (+ (Y 2) (H 2))))(and (<= (Y 2) (Y 6)) (>= (+ (Y 2) (H 2)) (+ (Y 6) (H 6)))) )
)
(and 
(or (and (<= (X 2) (X 7)) (< (X 7) (+ (X 2) (W 2)))) (and (< (X 2) (+ (X 7) (W 7))) (<= (+ (X 7) (W 7)) (+ (X 2) (W 2))))(and (<= (X 2) (X 7)) (>= (+ (X 2) (W 2)) (+ (X 7) (W 7)))) )
(or (and (<= (Y 2) (Y 7)) (< (Y 7) (+ (Y 2) (H 2)))) (and (< (Y 2) (+ (Y 7) (H 7))) (<= (+ (Y 7) (H 7)) (+ (Y 2) (H 2))))(and (<= (Y 2) (Y 7)) (>= (+ (Y 2) (H 2)) (+ (Y 7) (H 7)))) )
)
(and 
(or (and (<= (X 2) (X 8)) (< (X 8) (+ (X 2) (W 2)))) (and (< (X 2) (+ (X 8) (W 8))) (<= (+ (X 8) (W 8)) (+ (X 2) (W 2))))(and (<= (X 2) (X 8)) (>= (+ (X 2) (W 2)) (+ (X 8) (W 8)))) )
(or (and (<= (Y 2) (Y 8)) (< (Y 8) (+ (Y 2) (H 2)))) (and (< (Y 2) (+ (Y 8) (H 8))) (<= (+ (Y 8) (H 8)) (+ (Y 2) (H 2))))(and (<= (Y 2) (Y 8)) (>= (+ (Y 2) (H 2)) (+ (Y 8) (H 8)))) )
)
(and 
(or (and (<= (X 2) (X 9)) (< (X 9) (+ (X 2) (W 2)))) (and (< (X 2) (+ (X 9) (W 9))) (<= (+ (X 9) (W 9)) (+ (X 2) (W 2))))(and (<= (X 2) (X 9)) (>= (+ (X 2) (W 2)) (+ (X 9) (W 9)))) )
(or (and (<= (Y 2) (Y 9)) (< (Y 9) (+ (Y 2) (H 2)))) (and (< (Y 2) (+ (Y 9) (H 9))) (<= (+ (Y 9) (H 9)) (+ (Y 2) (H 2))))(and (<= (Y 2) (Y 9)) (>= (+ (Y 2) (H 2)) (+ (Y 9) (H 9)))) )
)
(and 
(or (and (<= (X 3) (X 0)) (< (X 0) (+ (X 3) (W 3)))) (and (< (X 3) (+ (X 0) (W 0))) (<= (+ (X 0) (W 0)) (+ (X 3) (W 3))))(and (<= (X 3) (X 0)) (>= (+ (X 3) (W 3)) (+ (X 0) (W 0)))) )
(or (and (<= (Y 3) (Y 0)) (< (Y 0) (+ (Y 3) (H 3)))) (and (< (Y 3) (+ (Y 0) (H 0))) (<= (+ (Y 0) (H 0)) (+ (Y 3) (H 3))))(and (<= (Y 3) (Y 0)) (>= (+ (Y 3) (H 3)) (+ (Y 0) (H 0)))) )
)
(and 
(or (and (<= (X 3) (X 1)) (< (X 1) (+ (X 3) (W 3)))) (and (< (X 3) (+ (X 1) (W 1))) (<= (+ (X 1) (W 1)) (+ (X 3) (W 3))))(and (<= (X 3) (X 1)) (>= (+ (X 3) (W 3)) (+ (X 1) (W 1)))) )
(or (and (<= (Y 3) (Y 1)) (< (Y 1) (+ (Y 3) (H 3)))) (and (< (Y 3) (+ (Y 1) (H 1))) (<= (+ (Y 1) (H 1)) (+ (Y 3) (H 3))))(and (<= (Y 3) (Y 1)) (>= (+ (Y 3) (H 3)) (+ (Y 1) (H 1)))) )
)
(and 
(or (and (<= (X 3) (X 2)) (< (X 2) (+ (X 3) (W 3)))) (and (< (X 3) (+ (X 2) (W 2))) (<= (+ (X 2) (W 2)) (+ (X 3) (W 3))))(and (<= (X 3) (X 2)) (>= (+ (X 3) (W 3)) (+ (X 2) (W 2)))) )
(or (and (<= (Y 3) (Y 2)) (< (Y 2) (+ (Y 3) (H 3)))) (and (< (Y 3) (+ (Y 2) (H 2))) (<= (+ (Y 2) (H 2)) (+ (Y 3) (H 3))))(and (<= (Y 3) (Y 2)) (>= (+ (Y 3) (H 3)) (+ (Y 2) (H 2)))) )
)
(and 
(or (and (<= (X 3) (X 4)) (< (X 4) (+ (X 3) (W 3)))) (and (< (X 3) (+ (X 4) (W 4))) (<= (+ (X 4) (W 4)) (+ (X 3) (W 3))))(and (<= (X 3) (X 4)) (>= (+ (X 3) (W 3)) (+ (X 4) (W 4)))) )
(or (and (<= (Y 3) (Y 4)) (< (Y 4) (+ (Y 3) (H 3)))) (and (< (Y 3) (+ (Y 4) (H 4))) (<= (+ (Y 4) (H 4)) (+ (Y 3) (H 3))))(and (<= (Y 3) (Y 4)) (>= (+ (Y 3) (H 3)) (+ (Y 4) (H 4)))) )
)
(and 
(or (and (<= (X 3) (X 5)) (< (X 5) (+ (X 3) (W 3)))) (and (< (X 3) (+ (X 5) (W 5))) (<= (+ (X 5) (W 5)) (+ (X 3) (W 3))))(and (<= (X 3) (X 5)) (>= (+ (X 3) (W 3)) (+ (X 5) (W 5)))) )
(or (and (<= (Y 3) (Y 5)) (< (Y 5) (+ (Y 3) (H 3)))) (and (< (Y 3) (+ (Y 5) (H 5))) (<= (+ (Y 5) (H 5)) (+ (Y 3) (H 3))))(and (<= (Y 3) (Y 5)) (>= (+ (Y 3) (H 3)) (+ (Y 5) (H 5)))) )
)
(and 
(or (and (<= (X 3) (X 6)) (< (X 6) (+ (X 3) (W 3)))) (and (< (X 3) (+ (X 6) (W 6))) (<= (+ (X 6) (W 6)) (+ (X 3) (W 3))))(and (<= (X 3) (X 6)) (>= (+ (X 3) (W 3)) (+ (X 6) (W 6)))) )
(or (and (<= (Y 3) (Y 6)) (< (Y 6) (+ (Y 3) (H 3)))) (and (< (Y 3) (+ (Y 6) (H 6))) (<= (+ (Y 6) (H 6)) (+ (Y 3) (H 3))))(and (<= (Y 3) (Y 6)) (>= (+ (Y 3) (H 3)) (+ (Y 6) (H 6)))) )
)
(and 
(or (and (<= (X 3) (X 7)) (< (X 7) (+ (X 3) (W 3)))) (and (< (X 3) (+ (X 7) (W 7))) (<= (+ (X 7) (W 7)) (+ (X 3) (W 3))))(and (<= (X 3) (X 7)) (>= (+ (X 3) (W 3)) (+ (X 7) (W 7)))) )
(or (and (<= (Y 3) (Y 7)) (< (Y 7) (+ (Y 3) (H 3)))) (and (< (Y 3) (+ (Y 7) (H 7))) (<= (+ (Y 7) (H 7)) (+ (Y 3) (H 3))))(and (<= (Y 3) (Y 7)) (>= (+ (Y 3) (H 3)) (+ (Y 7) (H 7)))) )
)
(and 
(or (and (<= (X 3) (X 8)) (< (X 8) (+ (X 3) (W 3)))) (and (< (X 3) (+ (X 8) (W 8))) (<= (+ (X 8) (W 8)) (+ (X 3) (W 3))))(and (<= (X 3) (X 8)) (>= (+ (X 3) (W 3)) (+ (X 8) (W 8)))) )
(or (and (<= (Y 3) (Y 8)) (< (Y 8) (+ (Y 3) (H 3)))) (and (< (Y 3) (+ (Y 8) (H 8))) (<= (+ (Y 8) (H 8)) (+ (Y 3) (H 3))))(and (<= (Y 3) (Y 8)) (>= (+ (Y 3) (H 3)) (+ (Y 8) (H 8)))) )
)
(and 
(or (and (<= (X 3) (X 9)) (< (X 9) (+ (X 3) (W 3)))) (and (< (X 3) (+ (X 9) (W 9))) (<= (+ (X 9) (W 9)) (+ (X 3) (W 3))))(and (<= (X 3) (X 9)) (>= (+ (X 3) (W 3)) (+ (X 9) (W 9)))) )
(or (and (<= (Y 3) (Y 9)) (< (Y 9) (+ (Y 3) (H 3)))) (and (< (Y 3) (+ (Y 9) (H 9))) (<= (+ (Y 9) (H 9)) (+ (Y 3) (H 3))))(and (<= (Y 3) (Y 9)) (>= (+ (Y 3) (H 3)) (+ (Y 9) (H 9)))) )
)
(and 
(or (and (<= (X 4) (X 0)) (< (X 0) (+ (X 4) (W 4)))) (and (< (X 4) (+ (X 0) (W 0))) (<= (+ (X 0) (W 0)) (+ (X 4) (W 4))))(and (<= (X 4) (X 0)) (>= (+ (X 4) (W 4)) (+ (X 0) (W 0)))) )
(or (and (<= (Y 4) (Y 0)) (< (Y 0) (+ (Y 4) (H 4)))) (and (< (Y 4) (+ (Y 0) (H 0))) (<= (+ (Y 0) (H 0)) (+ (Y 4) (H 4))))(and (<= (Y 4) (Y 0)) (>= (+ (Y 4) (H 4)) (+ (Y 0) (H 0)))) )
)
(and 
(or (and (<= (X 4) (X 1)) (< (X 1) (+ (X 4) (W 4)))) (and (< (X 4) (+ (X 1) (W 1))) (<= (+ (X 1) (W 1)) (+ (X 4) (W 4))))(and (<= (X 4) (X 1)) (>= (+ (X 4) (W 4)) (+ (X 1) (W 1)))) )
(or (and (<= (Y 4) (Y 1)) (< (Y 1) (+ (Y 4) (H 4)))) (and (< (Y 4) (+ (Y 1) (H 1))) (<= (+ (Y 1) (H 1)) (+ (Y 4) (H 4))))(and (<= (Y 4) (Y 1)) (>= (+ (Y 4) (H 4)) (+ (Y 1) (H 1)))) )
)
(and 
(or (and (<= (X 4) (X 2)) (< (X 2) (+ (X 4) (W 4)))) (and (< (X 4) (+ (X 2) (W 2))) (<= (+ (X 2) (W 2)) (+ (X 4) (W 4))))(and (<= (X 4) (X 2)) (>= (+ (X 4) (W 4)) (+ (X 2) (W 2)))) )
(or (and (<= (Y 4) (Y 2)) (< (Y 2) (+ (Y 4) (H 4)))) (and (< (Y 4) (+ (Y 2) (H 2))) (<= (+ (Y 2) (H 2)) (+ (Y 4) (H 4))))(and (<= (Y 4) (Y 2)) (>= (+ (Y 4) (H 4)) (+ (Y 2) (H 2)))) )
)
(and 
(or (and (<= (X 4) (X 3)) (< (X 3) (+ (X 4) (W 4)))) (and (< (X 4) (+ (X 3) (W 3))) (<= (+ (X 3) (W 3)) (+ (X 4) (W 4))))(and (<= (X 4) (X 3)) (>= (+ (X 4) (W 4)) (+ (X 3) (W 3)))) )
(or (and (<= (Y 4) (Y 3)) (< (Y 3) (+ (Y 4) (H 4)))) (and (< (Y 4) (+ (Y 3) (H 3))) (<= (+ (Y 3) (H 3)) (+ (Y 4) (H 4))))(and (<= (Y 4) (Y 3)) (>= (+ (Y 4) (H 4)) (+ (Y 3) (H 3)))) )
)
(and 
(or (and (<= (X 4) (X 5)) (< (X 5) (+ (X 4) (W 4)))) (and (< (X 4) (+ (X 5) (W 5))) (<= (+ (X 5) (W 5)) (+ (X 4) (W 4))))(and (<= (X 4) (X 5)) (>= (+ (X 4) (W 4)) (+ (X 5) (W 5)))) )
(or (and (<= (Y 4) (Y 5)) (< (Y 5) (+ (Y 4) (H 4)))) (and (< (Y 4) (+ (Y 5) (H 5))) (<= (+ (Y 5) (H 5)) (+ (Y 4) (H 4))))(and (<= (Y 4) (Y 5)) (>= (+ (Y 4) (H 4)) (+ (Y 5) (H 5)))) )
)
(and 
(or (and (<= (X 4) (X 6)) (< (X 6) (+ (X 4) (W 4)))) (and (< (X 4) (+ (X 6) (W 6))) (<= (+ (X 6) (W 6)) (+ (X 4) (W 4))))(and (<= (X 4) (X 6)) (>= (+ (X 4) (W 4)) (+ (X 6) (W 6)))) )
(or (and (<= (Y 4) (Y 6)) (< (Y 6) (+ (Y 4) (H 4)))) (and (< (Y 4) (+ (Y 6) (H 6))) (<= (+ (Y 6) (H 6)) (+ (Y 4) (H 4))))(and (<= (Y 4) (Y 6)) (>= (+ (Y 4) (H 4)) (+ (Y 6) (H 6)))) )
)
(and 
(or (and (<= (X 4) (X 7)) (< (X 7) (+ (X 4) (W 4)))) (and (< (X 4) (+ (X 7) (W 7))) (<= (+ (X 7) (W 7)) (+ (X 4) (W 4))))(and (<= (X 4) (X 7)) (>= (+ (X 4) (W 4)) (+ (X 7) (W 7)))) )
(or (and (<= (Y 4) (Y 7)) (< (Y 7) (+ (Y 4) (H 4)))) (and (< (Y 4) (+ (Y 7) (H 7))) (<= (+ (Y 7) (H 7)) (+ (Y 4) (H 4))))(and (<= (Y 4) (Y 7)) (>= (+ (Y 4) (H 4)) (+ (Y 7) (H 7)))) )
)
(and 
(or (and (<= (X 4) (X 8)) (< (X 8) (+ (X 4) (W 4)))) (and (< (X 4) (+ (X 8) (W 8))) (<= (+ (X 8) (W 8)) (+ (X 4) (W 4))))(and (<= (X 4) (X 8)) (>= (+ (X 4) (W 4)) (+ (X 8) (W 8)))) )
(or (and (<= (Y 4) (Y 8)) (< (Y 8) (+ (Y 4) (H 4)))) (and (< (Y 4) (+ (Y 8) (H 8))) (<= (+ (Y 8) (H 8)) (+ (Y 4) (H 4))))(and (<= (Y 4) (Y 8)) (>= (+ (Y 4) (H 4)) (+ (Y 8) (H 8)))) )
)
(and 
(or (and (<= (X 4) (X 9)) (< (X 9) (+ (X 4) (W 4)))) (and (< (X 4) (+ (X 9) (W 9))) (<= (+ (X 9) (W 9)) (+ (X 4) (W 4))))(and (<= (X 4) (X 9)) (>= (+ (X 4) (W 4)) (+ (X 9) (W 9)))) )
(or (and (<= (Y 4) (Y 9)) (< (Y 9) (+ (Y 4) (H 4)))) (and (< (Y 4) (+ (Y 9) (H 9))) (<= (+ (Y 9) (H 9)) (+ (Y 4) (H 4))))(and (<= (Y 4) (Y 9)) (>= (+ (Y 4) (H 4)) (+ (Y 9) (H 9)))) )
)
(and 
(or (and (<= (X 5) (X 0)) (< (X 0) (+ (X 5) (W 5)))) (and (< (X 5) (+ (X 0) (W 0))) (<= (+ (X 0) (W 0)) (+ (X 5) (W 5))))(and (<= (X 5) (X 0)) (>= (+ (X 5) (W 5)) (+ (X 0) (W 0)))) )
(or (and (<= (Y 5) (Y 0)) (< (Y 0) (+ (Y 5) (H 5)))) (and (< (Y 5) (+ (Y 0) (H 0))) (<= (+ (Y 0) (H 0)) (+ (Y 5) (H 5))))(and (<= (Y 5) (Y 0)) (>= (+ (Y 5) (H 5)) (+ (Y 0) (H 0)))) )
)
(and 
(or (and (<= (X 5) (X 1)) (< (X 1) (+ (X 5) (W 5)))) (and (< (X 5) (+ (X 1) (W 1))) (<= (+ (X 1) (W 1)) (+ (X 5) (W 5))))(and (<= (X 5) (X 1)) (>= (+ (X 5) (W 5)) (+ (X 1) (W 1)))) )
(or (and (<= (Y 5) (Y 1)) (< (Y 1) (+ (Y 5) (H 5)))) (and (< (Y 5) (+ (Y 1) (H 1))) (<= (+ (Y 1) (H 1)) (+ (Y 5) (H 5))))(and (<= (Y 5) (Y 1)) (>= (+ (Y 5) (H 5)) (+ (Y 1) (H 1)))) )
)
(and 
(or (and (<= (X 5) (X 2)) (< (X 2) (+ (X 5) (W 5)))) (and (< (X 5) (+ (X 2) (W 2))) (<= (+ (X 2) (W 2)) (+ (X 5) (W 5))))(and (<= (X 5) (X 2)) (>= (+ (X 5) (W 5)) (+ (X 2) (W 2)))) )
(or (and (<= (Y 5) (Y 2)) (< (Y 2) (+ (Y 5) (H 5)))) (and (< (Y 5) (+ (Y 2) (H 2))) (<= (+ (Y 2) (H 2)) (+ (Y 5) (H 5))))(and (<= (Y 5) (Y 2)) (>= (+ (Y 5) (H 5)) (+ (Y 2) (H 2)))) )
)
(and 
(or (and (<= (X 5) (X 3)) (< (X 3) (+ (X 5) (W 5)))) (and (< (X 5) (+ (X 3) (W 3))) (<= (+ (X 3) (W 3)) (+ (X 5) (W 5))))(and (<= (X 5) (X 3)) (>= (+ (X 5) (W 5)) (+ (X 3) (W 3)))) )
(or (and (<= (Y 5) (Y 3)) (< (Y 3) (+ (Y 5) (H 5)))) (and (< (Y 5) (+ (Y 3) (H 3))) (<= (+ (Y 3) (H 3)) (+ (Y 5) (H 5))))(and (<= (Y 5) (Y 3)) (>= (+ (Y 5) (H 5)) (+ (Y 3) (H 3)))) )
)
(and 
(or (and (<= (X 5) (X 4)) (< (X 4) (+ (X 5) (W 5)))) (and (< (X 5) (+ (X 4) (W 4))) (<= (+ (X 4) (W 4)) (+ (X 5) (W 5))))(and (<= (X 5) (X 4)) (>= (+ (X 5) (W 5)) (+ (X 4) (W 4)))) )
(or (and (<= (Y 5) (Y 4)) (< (Y 4) (+ (Y 5) (H 5)))) (and (< (Y 5) (+ (Y 4) (H 4))) (<= (+ (Y 4) (H 4)) (+ (Y 5) (H 5))))(and (<= (Y 5) (Y 4)) (>= (+ (Y 5) (H 5)) (+ (Y 4) (H 4)))) )
)
(and 
(or (and (<= (X 5) (X 6)) (< (X 6) (+ (X 5) (W 5)))) (and (< (X 5) (+ (X 6) (W 6))) (<= (+ (X 6) (W 6)) (+ (X 5) (W 5))))(and (<= (X 5) (X 6)) (>= (+ (X 5) (W 5)) (+ (X 6) (W 6)))) )
(or (and (<= (Y 5) (Y 6)) (< (Y 6) (+ (Y 5) (H 5)))) (and (< (Y 5) (+ (Y 6) (H 6))) (<= (+ (Y 6) (H 6)) (+ (Y 5) (H 5))))(and (<= (Y 5) (Y 6)) (>= (+ (Y 5) (H 5)) (+ (Y 6) (H 6)))) )
)
(and 
(or (and (<= (X 5) (X 7)) (< (X 7) (+ (X 5) (W 5)))) (and (< (X 5) (+ (X 7) (W 7))) (<= (+ (X 7) (W 7)) (+ (X 5) (W 5))))(and (<= (X 5) (X 7)) (>= (+ (X 5) (W 5)) (+ (X 7) (W 7)))) )
(or (and (<= (Y 5) (Y 7)) (< (Y 7) (+ (Y 5) (H 5)))) (and (< (Y 5) (+ (Y 7) (H 7))) (<= (+ (Y 7) (H 7)) (+ (Y 5) (H 5))))(and (<= (Y 5) (Y 7)) (>= (+ (Y 5) (H 5)) (+ (Y 7) (H 7)))) )
)
(and 
(or (and (<= (X 5) (X 8)) (< (X 8) (+ (X 5) (W 5)))) (and (< (X 5) (+ (X 8) (W 8))) (<= (+ (X 8) (W 8)) (+ (X 5) (W 5))))(and (<= (X 5) (X 8)) (>= (+ (X 5) (W 5)) (+ (X 8) (W 8)))) )
(or (and (<= (Y 5) (Y 8)) (< (Y 8) (+ (Y 5) (H 5)))) (and (< (Y 5) (+ (Y 8) (H 8))) (<= (+ (Y 8) (H 8)) (+ (Y 5) (H 5))))(and (<= (Y 5) (Y 8)) (>= (+ (Y 5) (H 5)) (+ (Y 8) (H 8)))) )
)
(and 
(or (and (<= (X 5) (X 9)) (< (X 9) (+ (X 5) (W 5)))) (and (< (X 5) (+ (X 9) (W 9))) (<= (+ (X 9) (W 9)) (+ (X 5) (W 5))))(and (<= (X 5) (X 9)) (>= (+ (X 5) (W 5)) (+ (X 9) (W 9)))) )
(or (and (<= (Y 5) (Y 9)) (< (Y 9) (+ (Y 5) (H 5)))) (and (< (Y 5) (+ (Y 9) (H 9))) (<= (+ (Y 9) (H 9)) (+ (Y 5) (H 5))))(and (<= (Y 5) (Y 9)) (>= (+ (Y 5) (H 5)) (+ (Y 9) (H 9)))) )
)
(and 
(or (and (<= (X 6) (X 0)) (< (X 0) (+ (X 6) (W 6)))) (and (< (X 6) (+ (X 0) (W 0))) (<= (+ (X 0) (W 0)) (+ (X 6) (W 6))))(and (<= (X 6) (X 0)) (>= (+ (X 6) (W 6)) (+ (X 0) (W 0)))) )
(or (and (<= (Y 6) (Y 0)) (< (Y 0) (+ (Y 6) (H 6)))) (and (< (Y 6) (+ (Y 0) (H 0))) (<= (+ (Y 0) (H 0)) (+ (Y 6) (H 6))))(and (<= (Y 6) (Y 0)) (>= (+ (Y 6) (H 6)) (+ (Y 0) (H 0)))) )
)
(and 
(or (and (<= (X 6) (X 1)) (< (X 1) (+ (X 6) (W 6)))) (and (< (X 6) (+ (X 1) (W 1))) (<= (+ (X 1) (W 1)) (+ (X 6) (W 6))))(and (<= (X 6) (X 1)) (>= (+ (X 6) (W 6)) (+ (X 1) (W 1)))) )
(or (and (<= (Y 6) (Y 1)) (< (Y 1) (+ (Y 6) (H 6)))) (and (< (Y 6) (+ (Y 1) (H 1))) (<= (+ (Y 1) (H 1)) (+ (Y 6) (H 6))))(and (<= (Y 6) (Y 1)) (>= (+ (Y 6) (H 6)) (+ (Y 1) (H 1)))) )
)
(and 
(or (and (<= (X 6) (X 2)) (< (X 2) (+ (X 6) (W 6)))) (and (< (X 6) (+ (X 2) (W 2))) (<= (+ (X 2) (W 2)) (+ (X 6) (W 6))))(and (<= (X 6) (X 2)) (>= (+ (X 6) (W 6)) (+ (X 2) (W 2)))) )
(or (and (<= (Y 6) (Y 2)) (< (Y 2) (+ (Y 6) (H 6)))) (and (< (Y 6) (+ (Y 2) (H 2))) (<= (+ (Y 2) (H 2)) (+ (Y 6) (H 6))))(and (<= (Y 6) (Y 2)) (>= (+ (Y 6) (H 6)) (+ (Y 2) (H 2)))) )
)
(and 
(or (and (<= (X 6) (X 3)) (< (X 3) (+ (X 6) (W 6)))) (and (< (X 6) (+ (X 3) (W 3))) (<= (+ (X 3) (W 3)) (+ (X 6) (W 6))))(and (<= (X 6) (X 3)) (>= (+ (X 6) (W 6)) (+ (X 3) (W 3)))) )
(or (and (<= (Y 6) (Y 3)) (< (Y 3) (+ (Y 6) (H 6)))) (and (< (Y 6) (+ (Y 3) (H 3))) (<= (+ (Y 3) (H 3)) (+ (Y 6) (H 6))))(and (<= (Y 6) (Y 3)) (>= (+ (Y 6) (H 6)) (+ (Y 3) (H 3)))) )
)
(and 
(or (and (<= (X 6) (X 4)) (< (X 4) (+ (X 6) (W 6)))) (and (< (X 6) (+ (X 4) (W 4))) (<= (+ (X 4) (W 4)) (+ (X 6) (W 6))))(and (<= (X 6) (X 4)) (>= (+ (X 6) (W 6)) (+ (X 4) (W 4)))) )
(or (and (<= (Y 6) (Y 4)) (< (Y 4) (+ (Y 6) (H 6)))) (and (< (Y 6) (+ (Y 4) (H 4))) (<= (+ (Y 4) (H 4)) (+ (Y 6) (H 6))))(and (<= (Y 6) (Y 4)) (>= (+ (Y 6) (H 6)) (+ (Y 4) (H 4)))) )
)
(and 
(or (and (<= (X 6) (X 5)) (< (X 5) (+ (X 6) (W 6)))) (and (< (X 6) (+ (X 5) (W 5))) (<= (+ (X 5) (W 5)) (+ (X 6) (W 6))))(and (<= (X 6) (X 5)) (>= (+ (X 6) (W 6)) (+ (X 5) (W 5)))) )
(or (and (<= (Y 6) (Y 5)) (< (Y 5) (+ (Y 6) (H 6)))) (and (< (Y 6) (+ (Y 5) (H 5))) (<= (+ (Y 5) (H 5)) (+ (Y 6) (H 6))))(and (<= (Y 6) (Y 5)) (>= (+ (Y 6) (H 6)) (+ (Y 5) (H 5)))) )
)
(and 
(or (and (<= (X 6) (X 7)) (< (X 7) (+ (X 6) (W 6)))) (and (< (X 6) (+ (X 7) (W 7))) (<= (+ (X 7) (W 7)) (+ (X 6) (W 6))))(and (<= (X 6) (X 7)) (>= (+ (X 6) (W 6)) (+ (X 7) (W 7)))) )
(or (and (<= (Y 6) (Y 7)) (< (Y 7) (+ (Y 6) (H 6)))) (and (< (Y 6) (+ (Y 7) (H 7))) (<= (+ (Y 7) (H 7)) (+ (Y 6) (H 6))))(and (<= (Y 6) (Y 7)) (>= (+ (Y 6) (H 6)) (+ (Y 7) (H 7)))) )
)
(and 
(or (and (<= (X 6) (X 8)) (< (X 8) (+ (X 6) (W 6)))) (and (< (X 6) (+ (X 8) (W 8))) (<= (+ (X 8) (W 8)) (+ (X 6) (W 6))))(and (<= (X 6) (X 8)) (>= (+ (X 6) (W 6)) (+ (X 8) (W 8)))) )
(or (and (<= (Y 6) (Y 8)) (< (Y 8) (+ (Y 6) (H 6)))) (and (< (Y 6) (+ (Y 8) (H 8))) (<= (+ (Y 8) (H 8)) (+ (Y 6) (H 6))))(and (<= (Y 6) (Y 8)) (>= (+ (Y 6) (H 6)) (+ (Y 8) (H 8)))) )
)
(and 
(or (and (<= (X 6) (X 9)) (< (X 9) (+ (X 6) (W 6)))) (and (< (X 6) (+ (X 9) (W 9))) (<= (+ (X 9) (W 9)) (+ (X 6) (W 6))))(and (<= (X 6) (X 9)) (>= (+ (X 6) (W 6)) (+ (X 9) (W 9)))) )
(or (and (<= (Y 6) (Y 9)) (< (Y 9) (+ (Y 6) (H 6)))) (and (< (Y 6) (+ (Y 9) (H 9))) (<= (+ (Y 9) (H 9)) (+ (Y 6) (H 6))))(and (<= (Y 6) (Y 9)) (>= (+ (Y 6) (H 6)) (+ (Y 9) (H 9)))) )
)
(and 
(or (and (<= (X 7) (X 0)) (< (X 0) (+ (X 7) (W 7)))) (and (< (X 7) (+ (X 0) (W 0))) (<= (+ (X 0) (W 0)) (+ (X 7) (W 7))))(and (<= (X 7) (X 0)) (>= (+ (X 7) (W 7)) (+ (X 0) (W 0)))) )
(or (and (<= (Y 7) (Y 0)) (< (Y 0) (+ (Y 7) (H 7)))) (and (< (Y 7) (+ (Y 0) (H 0))) (<= (+ (Y 0) (H 0)) (+ (Y 7) (H 7))))(and (<= (Y 7) (Y 0)) (>= (+ (Y 7) (H 7)) (+ (Y 0) (H 0)))) )
)
(and 
(or (and (<= (X 7) (X 1)) (< (X 1) (+ (X 7) (W 7)))) (and (< (X 7) (+ (X 1) (W 1))) (<= (+ (X 1) (W 1)) (+ (X 7) (W 7))))(and (<= (X 7) (X 1)) (>= (+ (X 7) (W 7)) (+ (X 1) (W 1)))) )
(or (and (<= (Y 7) (Y 1)) (< (Y 1) (+ (Y 7) (H 7)))) (and (< (Y 7) (+ (Y 1) (H 1))) (<= (+ (Y 1) (H 1)) (+ (Y 7) (H 7))))(and (<= (Y 7) (Y 1)) (>= (+ (Y 7) (H 7)) (+ (Y 1) (H 1)))) )
)
(and 
(or (and (<= (X 7) (X 2)) (< (X 2) (+ (X 7) (W 7)))) (and (< (X 7) (+ (X 2) (W 2))) (<= (+ (X 2) (W 2)) (+ (X 7) (W 7))))(and (<= (X 7) (X 2)) (>= (+ (X 7) (W 7)) (+ (X 2) (W 2)))) )
(or (and (<= (Y 7) (Y 2)) (< (Y 2) (+ (Y 7) (H 7)))) (and (< (Y 7) (+ (Y 2) (H 2))) (<= (+ (Y 2) (H 2)) (+ (Y 7) (H 7))))(and (<= (Y 7) (Y 2)) (>= (+ (Y 7) (H 7)) (+ (Y 2) (H 2)))) )
)
(and 
(or (and (<= (X 7) (X 3)) (< (X 3) (+ (X 7) (W 7)))) (and (< (X 7) (+ (X 3) (W 3))) (<= (+ (X 3) (W 3)) (+ (X 7) (W 7))))(and (<= (X 7) (X 3)) (>= (+ (X 7) (W 7)) (+ (X 3) (W 3)))) )
(or (and (<= (Y 7) (Y 3)) (< (Y 3) (+ (Y 7) (H 7)))) (and (< (Y 7) (+ (Y 3) (H 3))) (<= (+ (Y 3) (H 3)) (+ (Y 7) (H 7))))(and (<= (Y 7) (Y 3)) (>= (+ (Y 7) (H 7)) (+ (Y 3) (H 3)))) )
)
(and 
(or (and (<= (X 7) (X 4)) (< (X 4) (+ (X 7) (W 7)))) (and (< (X 7) (+ (X 4) (W 4))) (<= (+ (X 4) (W 4)) (+ (X 7) (W 7))))(and (<= (X 7) (X 4)) (>= (+ (X 7) (W 7)) (+ (X 4) (W 4)))) )
(or (and (<= (Y 7) (Y 4)) (< (Y 4) (+ (Y 7) (H 7)))) (and (< (Y 7) (+ (Y 4) (H 4))) (<= (+ (Y 4) (H 4)) (+ (Y 7) (H 7))))(and (<= (Y 7) (Y 4)) (>= (+ (Y 7) (H 7)) (+ (Y 4) (H 4)))) )
)
(and 
(or (and (<= (X 7) (X 5)) (< (X 5) (+ (X 7) (W 7)))) (and (< (X 7) (+ (X 5) (W 5))) (<= (+ (X 5) (W 5)) (+ (X 7) (W 7))))(and (<= (X 7) (X 5)) (>= (+ (X 7) (W 7)) (+ (X 5) (W 5)))) )
(or (and (<= (Y 7) (Y 5)) (< (Y 5) (+ (Y 7) (H 7)))) (and (< (Y 7) (+ (Y 5) (H 5))) (<= (+ (Y 5) (H 5)) (+ (Y 7) (H 7))))(and (<= (Y 7) (Y 5)) (>= (+ (Y 7) (H 7)) (+ (Y 5) (H 5)))) )
)
(and 
(or (and (<= (X 7) (X 6)) (< (X 6) (+ (X 7) (W 7)))) (and (< (X 7) (+ (X 6) (W 6))) (<= (+ (X 6) (W 6)) (+ (X 7) (W 7))))(and (<= (X 7) (X 6)) (>= (+ (X 7) (W 7)) (+ (X 6) (W 6)))) )
(or (and (<= (Y 7) (Y 6)) (< (Y 6) (+ (Y 7) (H 7)))) (and (< (Y 7) (+ (Y 6) (H 6))) (<= (+ (Y 6) (H 6)) (+ (Y 7) (H 7))))(and (<= (Y 7) (Y 6)) (>= (+ (Y 7) (H 7)) (+ (Y 6) (H 6)))) )
)
(and 
(or (and (<= (X 7) (X 8)) (< (X 8) (+ (X 7) (W 7)))) (and (< (X 7) (+ (X 8) (W 8))) (<= (+ (X 8) (W 8)) (+ (X 7) (W 7))))(and (<= (X 7) (X 8)) (>= (+ (X 7) (W 7)) (+ (X 8) (W 8)))) )
(or (and (<= (Y 7) (Y 8)) (< (Y 8) (+ (Y 7) (H 7)))) (and (< (Y 7) (+ (Y 8) (H 8))) (<= (+ (Y 8) (H 8)) (+ (Y 7) (H 7))))(and (<= (Y 7) (Y 8)) (>= (+ (Y 7) (H 7)) (+ (Y 8) (H 8)))) )
)
(and 
(or (and (<= (X 7) (X 9)) (< (X 9) (+ (X 7) (W 7)))) (and (< (X 7) (+ (X 9) (W 9))) (<= (+ (X 9) (W 9)) (+ (X 7) (W 7))))(and (<= (X 7) (X 9)) (>= (+ (X 7) (W 7)) (+ (X 9) (W 9)))) )
(or (and (<= (Y 7) (Y 9)) (< (Y 9) (+ (Y 7) (H 7)))) (and (< (Y 7) (+ (Y 9) (H 9))) (<= (+ (Y 9) (H 9)) (+ (Y 7) (H 7))))(and (<= (Y 7) (Y 9)) (>= (+ (Y 7) (H 7)) (+ (Y 9) (H 9)))) )
)
(and 
(or (and (<= (X 8) (X 0)) (< (X 0) (+ (X 8) (W 8)))) (and (< (X 8) (+ (X 0) (W 0))) (<= (+ (X 0) (W 0)) (+ (X 8) (W 8))))(and (<= (X 8) (X 0)) (>= (+ (X 8) (W 8)) (+ (X 0) (W 0)))) )
(or (and (<= (Y 8) (Y 0)) (< (Y 0) (+ (Y 8) (H 8)))) (and (< (Y 8) (+ (Y 0) (H 0))) (<= (+ (Y 0) (H 0)) (+ (Y 8) (H 8))))(and (<= (Y 8) (Y 0)) (>= (+ (Y 8) (H 8)) (+ (Y 0) (H 0)))) )
)
(and 
(or (and (<= (X 8) (X 1)) (< (X 1) (+ (X 8) (W 8)))) (and (< (X 8) (+ (X 1) (W 1))) (<= (+ (X 1) (W 1)) (+ (X 8) (W 8))))(and (<= (X 8) (X 1)) (>= (+ (X 8) (W 8)) (+ (X 1) (W 1)))) )
(or (and (<= (Y 8) (Y 1)) (< (Y 1) (+ (Y 8) (H 8)))) (and (< (Y 8) (+ (Y 1) (H 1))) (<= (+ (Y 1) (H 1)) (+ (Y 8) (H 8))))(and (<= (Y 8) (Y 1)) (>= (+ (Y 8) (H 8)) (+ (Y 1) (H 1)))) )
)
(and 
(or (and (<= (X 8) (X 2)) (< (X 2) (+ (X 8) (W 8)))) (and (< (X 8) (+ (X 2) (W 2))) (<= (+ (X 2) (W 2)) (+ (X 8) (W 8))))(and (<= (X 8) (X 2)) (>= (+ (X 8) (W 8)) (+ (X 2) (W 2)))) )
(or (and (<= (Y 8) (Y 2)) (< (Y 2) (+ (Y 8) (H 8)))) (and (< (Y 8) (+ (Y 2) (H 2))) (<= (+ (Y 2) (H 2)) (+ (Y 8) (H 8))))(and (<= (Y 8) (Y 2)) (>= (+ (Y 8) (H 8)) (+ (Y 2) (H 2)))) )
)
(and 
(or (and (<= (X 8) (X 3)) (< (X 3) (+ (X 8) (W 8)))) (and (< (X 8) (+ (X 3) (W 3))) (<= (+ (X 3) (W 3)) (+ (X 8) (W 8))))(and (<= (X 8) (X 3)) (>= (+ (X 8) (W 8)) (+ (X 3) (W 3)))) )
(or (and (<= (Y 8) (Y 3)) (< (Y 3) (+ (Y 8) (H 8)))) (and (< (Y 8) (+ (Y 3) (H 3))) (<= (+ (Y 3) (H 3)) (+ (Y 8) (H 8))))(and (<= (Y 8) (Y 3)) (>= (+ (Y 8) (H 8)) (+ (Y 3) (H 3)))) )
)
(and 
(or (and (<= (X 8) (X 4)) (< (X 4) (+ (X 8) (W 8)))) (and (< (X 8) (+ (X 4) (W 4))) (<= (+ (X 4) (W 4)) (+ (X 8) (W 8))))(and (<= (X 8) (X 4)) (>= (+ (X 8) (W 8)) (+ (X 4) (W 4)))) )
(or (and (<= (Y 8) (Y 4)) (< (Y 4) (+ (Y 8) (H 8)))) (and (< (Y 8) (+ (Y 4) (H 4))) (<= (+ (Y 4) (H 4)) (+ (Y 8) (H 8))))(and (<= (Y 8) (Y 4)) (>= (+ (Y 8) (H 8)) (+ (Y 4) (H 4)))) )
)
(and 
(or (and (<= (X 8) (X 5)) (< (X 5) (+ (X 8) (W 8)))) (and (< (X 8) (+ (X 5) (W 5))) (<= (+ (X 5) (W 5)) (+ (X 8) (W 8))))(and (<= (X 8) (X 5)) (>= (+ (X 8) (W 8)) (+ (X 5) (W 5)))) )
(or (and (<= (Y 8) (Y 5)) (< (Y 5) (+ (Y 8) (H 8)))) (and (< (Y 8) (+ (Y 5) (H 5))) (<= (+ (Y 5) (H 5)) (+ (Y 8) (H 8))))(and (<= (Y 8) (Y 5)) (>= (+ (Y 8) (H 8)) (+ (Y 5) (H 5)))) )
)
(and 
(or (and (<= (X 8) (X 6)) (< (X 6) (+ (X 8) (W 8)))) (and (< (X 8) (+ (X 6) (W 6))) (<= (+ (X 6) (W 6)) (+ (X 8) (W 8))))(and (<= (X 8) (X 6)) (>= (+ (X 8) (W 8)) (+ (X 6) (W 6)))) )
(or (and (<= (Y 8) (Y 6)) (< (Y 6) (+ (Y 8) (H 8)))) (and (< (Y 8) (+ (Y 6) (H 6))) (<= (+ (Y 6) (H 6)) (+ (Y 8) (H 8))))(and (<= (Y 8) (Y 6)) (>= (+ (Y 8) (H 8)) (+ (Y 6) (H 6)))) )
)
(and 
(or (and (<= (X 8) (X 7)) (< (X 7) (+ (X 8) (W 8)))) (and (< (X 8) (+ (X 7) (W 7))) (<= (+ (X 7) (W 7)) (+ (X 8) (W 8))))(and (<= (X 8) (X 7)) (>= (+ (X 8) (W 8)) (+ (X 7) (W 7)))) )
(or (and (<= (Y 8) (Y 7)) (< (Y 7) (+ (Y 8) (H 8)))) (and (< (Y 8) (+ (Y 7) (H 7))) (<= (+ (Y 7) (H 7)) (+ (Y 8) (H 8))))(and (<= (Y 8) (Y 7)) (>= (+ (Y 8) (H 8)) (+ (Y 7) (H 7)))) )
)
(and 
(or (and (<= (X 8) (X 9)) (< (X 9) (+ (X 8) (W 8)))) (and (< (X 8) (+ (X 9) (W 9))) (<= (+ (X 9) (W 9)) (+ (X 8) (W 8))))(and (<= (X 8) (X 9)) (>= (+ (X 8) (W 8)) (+ (X 9) (W 9)))) )
(or (and (<= (Y 8) (Y 9)) (< (Y 9) (+ (Y 8) (H 8)))) (and (< (Y 8) (+ (Y 9) (H 9))) (<= (+ (Y 9) (H 9)) (+ (Y 8) (H 8))))(and (<= (Y 8) (Y 9)) (>= (+ (Y 8) (H 8)) (+ (Y 9) (H 9)))) )
)
(and 
(or (and (<= (X 9) (X 0)) (< (X 0) (+ (X 9) (W 9)))) (and (< (X 9) (+ (X 0) (W 0))) (<= (+ (X 0) (W 0)) (+ (X 9) (W 9))))(and (<= (X 9) (X 0)) (>= (+ (X 9) (W 9)) (+ (X 0) (W 0)))) )
(or (and (<= (Y 9) (Y 0)) (< (Y 0) (+ (Y 9) (H 9)))) (and (< (Y 9) (+ (Y 0) (H 0))) (<= (+ (Y 0) (H 0)) (+ (Y 9) (H 9))))(and (<= (Y 9) (Y 0)) (>= (+ (Y 9) (H 9)) (+ (Y 0) (H 0)))) )
)
(and 
(or (and (<= (X 9) (X 1)) (< (X 1) (+ (X 9) (W 9)))) (and (< (X 9) (+ (X 1) (W 1))) (<= (+ (X 1) (W 1)) (+ (X 9) (W 9))))(and (<= (X 9) (X 1)) (>= (+ (X 9) (W 9)) (+ (X 1) (W 1)))) )
(or (and (<= (Y 9) (Y 1)) (< (Y 1) (+ (Y 9) (H 9)))) (and (< (Y 9) (+ (Y 1) (H 1))) (<= (+ (Y 1) (H 1)) (+ (Y 9) (H 9))))(and (<= (Y 9) (Y 1)) (>= (+ (Y 9) (H 9)) (+ (Y 1) (H 1)))) )
)
(and 
(or (and (<= (X 9) (X 2)) (< (X 2) (+ (X 9) (W 9)))) (and (< (X 9) (+ (X 2) (W 2))) (<= (+ (X 2) (W 2)) (+ (X 9) (W 9))))(and (<= (X 9) (X 2)) (>= (+ (X 9) (W 9)) (+ (X 2) (W 2)))) )
(or (and (<= (Y 9) (Y 2)) (< (Y 2) (+ (Y 9) (H 9)))) (and (< (Y 9) (+ (Y 2) (H 2))) (<= (+ (Y 2) (H 2)) (+ (Y 9) (H 9))))(and (<= (Y 9) (Y 2)) (>= (+ (Y 9) (H 9)) (+ (Y 2) (H 2)))) )
)
(and 
(or (and (<= (X 9) (X 3)) (< (X 3) (+ (X 9) (W 9)))) (and (< (X 9) (+ (X 3) (W 3))) (<= (+ (X 3) (W 3)) (+ (X 9) (W 9))))(and (<= (X 9) (X 3)) (>= (+ (X 9) (W 9)) (+ (X 3) (W 3)))) )
(or (and (<= (Y 9) (Y 3)) (< (Y 3) (+ (Y 9) (H 9)))) (and (< (Y 9) (+ (Y 3) (H 3))) (<= (+ (Y 3) (H 3)) (+ (Y 9) (H 9))))(and (<= (Y 9) (Y 3)) (>= (+ (Y 9) (H 9)) (+ (Y 3) (H 3)))) )
)
(and 
(or (and (<= (X 9) (X 4)) (< (X 4) (+ (X 9) (W 9)))) (and (< (X 9) (+ (X 4) (W 4))) (<= (+ (X 4) (W 4)) (+ (X 9) (W 9))))(and (<= (X 9) (X 4)) (>= (+ (X 9) (W 9)) (+ (X 4) (W 4)))) )
(or (and (<= (Y 9) (Y 4)) (< (Y 4) (+ (Y 9) (H 9)))) (and (< (Y 9) (+ (Y 4) (H 4))) (<= (+ (Y 4) (H 4)) (+ (Y 9) (H 9))))(and (<= (Y 9) (Y 4)) (>= (+ (Y 9) (H 9)) (+ (Y 4) (H 4)))) )
)
(and 
(or (and (<= (X 9) (X 5)) (< (X 5) (+ (X 9) (W 9)))) (and (< (X 9) (+ (X 5) (W 5))) (<= (+ (X 5) (W 5)) (+ (X 9) (W 9))))(and (<= (X 9) (X 5)) (>= (+ (X 9) (W 9)) (+ (X 5) (W 5)))) )
(or (and (<= (Y 9) (Y 5)) (< (Y 5) (+ (Y 9) (H 9)))) (and (< (Y 9) (+ (Y 5) (H 5))) (<= (+ (Y 5) (H 5)) (+ (Y 9) (H 9))))(and (<= (Y 9) (Y 5)) (>= (+ (Y 9) (H 9)) (+ (Y 5) (H 5)))) )
)
(and 
(or (and (<= (X 9) (X 6)) (< (X 6) (+ (X 9) (W 9)))) (and (< (X 9) (+ (X 6) (W 6))) (<= (+ (X 6) (W 6)) (+ (X 9) (W 9))))(and (<= (X 9) (X 6)) (>= (+ (X 9) (W 9)) (+ (X 6) (W 6)))) )
(or (and (<= (Y 9) (Y 6)) (< (Y 6) (+ (Y 9) (H 9)))) (and (< (Y 9) (+ (Y 6) (H 6))) (<= (+ (Y 6) (H 6)) (+ (Y 9) (H 9))))(and (<= (Y 9) (Y 6)) (>= (+ (Y 9) (H 9)) (+ (Y 6) (H 6)))) )
)
(and 
(or (and (<= (X 9) (X 7)) (< (X 7) (+ (X 9) (W 9)))) (and (< (X 9) (+ (X 7) (W 7))) (<= (+ (X 7) (W 7)) (+ (X 9) (W 9))))(and (<= (X 9) (X 7)) (>= (+ (X 9) (W 9)) (+ (X 7) (W 7)))) )
(or (and (<= (Y 9) (Y 7)) (< (Y 7) (+ (Y 9) (H 9)))) (and (< (Y 9) (+ (Y 7) (H 7))) (<= (+ (Y 7) (H 7)) (+ (Y 9) (H 9))))(and (<= (Y 9) (Y 7)) (>= (+ (Y 9) (H 9)) (+ (Y 7) (H 7)))) )
)
(and 
(or (and (<= (X 9) (X 8)) (< (X 8) (+ (X 9) (W 9)))) (and (< (X 9) (+ (X 8) (W 8))) (<= (+ (X 8) (W 8)) (+ (X 9) (W 9))))(and (<= (X 9) (X 8)) (>= (+ (X 9) (W 9)) (+ (X 8) (W 8)))) )
(or (and (<= (Y 9) (Y 8)) (< (Y 8) (+ (Y 9) (H 9)))) (and (< (Y 9) (+ (Y 8) (H 8))) (<= (+ (Y 8) (H 8)) (+ (Y 9) (H 9))))(and (<= (Y 9) (Y 8)) (>= (+ (Y 9) (H 9)) (+ (Y 8) (H 8)))) )
)
)))
(check)
(show-model)

sat
(function X
 (type (-> int int))
 (= (X 5) 5)
 (= (X 9) 9)
 (= (X 8) 1)
 (= (X 0) 1)
 (= (X 6) 0)
 (= (X 4) 5)
 (= (X 1) 2)
 (= (X 7) 0)
 (= (X 2) 0)
 (= (X 3) 6)
 (default 12))
(function Y
 (type (-> int int))
 (= (Y 0) 6)
 (= (Y 6) 7)
 (= (Y 4) 6)
 (= (Y 1) 0)
 (= (Y 7) 8)
 (= (Y 2) 5)
 (= (Y 5) 9)
 (= (Y 3) 7)
 (= (Y 9) 0)
 (= (Y 8) 4)
 (default 13))
(function H
 (type (-> int int))
 (= (H 0) 4)
 (= (H 1) 6)
 (= (H 6) 1)
 (= (H 4) 1)
 (= (H 7) 1)
 (= (H 2) 1)
 (= (H 5) 1)
 (= (H 3) 1)
 (= (H 9) 9)
 (= (H 8) 1)
 (default 11))
(function W
 (type (-> int int))
 (= (W 0) 4)
 (= (W 6) 6)
 (= (W 4) 4)
 (= (W 1) 6)
 (= (W 7) 7)
 (= (W 2) 2)
 (= (W 5) 5)
 (= (W 3) 3)
 (= (W 9) 1)
 (= (W 8) 8)
 (default 10))

